build/app/intermediates/manifest_merge_blame_file/release/manifest-merger-blame-release-report.txt
1<?xml version="1.0" encoding="utf-8"?>
2<manifest xmlns:android="http://schemas.android.com/apk/res/android"
3    package="bmitech.airbnb_clone"
4    android:versionCode="1"
5    android:versionName="1.0.0" >
6
7    <uses-sdk
8        android:minSdkVersion="20"
8-->src\main\AndroidManifest.xml
9        android:targetSdkVersion="28" />
9-->src\main\AndroidManifest.xml
10
11    <uses-permission android:name="android.permission.INTERNET" />
11-->src\main\AndroidManifest.xml:49:5-66
11-->src\main\AndroidManifest.xml:49:22-64
12    <!-- Include required permissions for Google Maps API to run. -->
13    <uses-permission android:name="android.permission.ACCESS_NETWORK_STATE" />
13-->[com.google.android.gms:play-services-maps:18.1.0] AndroidManifest.xml:23:5-79
13-->[com.google.android.gms:play-services-maps:18.1.0] AndroidManifest.xml:23:22-76
14
15    <uses-feature
15-->[com.google.android.gms:play-services-maps:18.1.0] AndroidManifest.xml:26:5-28:35
16        android:glEsVersion="0x00020000"
16-->[com.google.android.gms:play-services-maps:18.1.0] AndroidManifest.xml:27:9-41
17        android:required="true" />
17-->[com.google.android.gms:play-services-maps:18.1.0] AndroidManifest.xml:28:9-32
18
19    <queries>
19-->[com.google.android.gms:play-services-maps:18.1.0] AndroidManifest.xml:30:5-34:15
20
21        <!-- Needs to be explicitly declared on Android R+ -->
22        <package android:name="com.google.android.apps.maps" />
22-->[com.google.android.gms:play-services-maps:18.1.0] AndroidManifest.xml:33:9-64
22-->[com.google.android.gms:play-services-maps:18.1.0] AndroidManifest.xml:33:18-61
23    </queries>
24
25    <permission
25-->[androidx.core:core:1.9.0] AndroidManifest.xml:22:5-24:47
26        android:name="bmitech.airbnb_clone.DYNAMIC_RECEIVER_NOT_EXPORTED_PERMISSION"
26-->[androidx.core:core:1.9.0] AndroidManifest.xml:23:9-81
27        android:protectionLevel="signature" />
27-->[androidx.core:core:1.9.0] AndroidManifest.xml:24:9-44
28
29    <uses-permission android:name="bmitech.airbnb_clone.DYNAMIC_RECEIVER_NOT_EXPORTED_PERMISSION" />
29-->[androidx.core:core:1.9.0] AndroidManifest.xml:26:5-97
29-->[androidx.core:core:1.9.0] AndroidManifest.xml:26:22-94
30    <!--
31 io.flutter.app.FlutterApplication is an android.app.Application that
32         calls FlutterMain.startInitialization(this); in its onCreate method.
33         In most cases you can leave this as-is, but you if you want to provide
34         additional functionality it is fine to subclass or reimplement
35         FlutterApplication and put your custom class here.
36    -->
37    <application
38        android:name="android.app.Application"
38-->src\main\AndroidManifest.xml:9:9-42
39        android:appComponentFactory="androidx.core.app.CoreComponentFactory"
39-->[androidx.core:core:1.9.0] AndroidManifest.xml:28:18-86
40        android:icon="@mipmap/ic_launcher"
40-->src\main\AndroidManifest.xml:11:9-43
41        android:label="Park Ezee" >
41-->src\main\AndroidManifest.xml:10:9-34
42        <activity
42-->src\main\AndroidManifest.xml:12:9-42:20
43            android:name="bmitech.airbnb_clone.MainActivity"
43-->src\main\AndroidManifest.xml:13:13-41
44            android:configChanges="orientation|keyboardHidden|keyboard|screenSize|smallestScreenSize|locale|layoutDirection|fontScale|screenLayout|density|uiMode"
44-->src\main\AndroidManifest.xml:16:13-163
45            android:hardwareAccelerated="true"
45-->src\main\AndroidManifest.xml:17:13-47
46            android:launchMode="singleTop"
46-->src\main\AndroidManifest.xml:14:13-43
47            android:theme="@style/LaunchTheme"
47-->src\main\AndroidManifest.xml:15:13-47
48            android:windowSoftInputMode="adjustResize" >
48-->src\main\AndroidManifest.xml:18:13-55
49
50            <!--
51                 Specifies an Android theme to apply to this Activity as soon as
52                 the Android process has started. This theme is visible to the user
53                 while the Flutter UI initializes. After that, this theme continues
54                 to determine the Window background behind the Flutter UI.
55            -->
56            <meta-data
56-->src\main\AndroidManifest.xml:23:13-26:17
57                android:name="io.flutter.embedding.android.NormalTheme"
57-->src\main\AndroidManifest.xml:24:15-70
58                android:resource="@style/NormalTheme" />
58-->src\main\AndroidManifest.xml:25:15-52
59            <!--
60                 Displays an Android View that continues showing the launch screen
61                 Drawable until Flutter paints its first frame, then this splash
62                 screen fades out. A splash screen is useful to avoid any visual
63                 gap between the end of Android's launch screen and the painting of
64                 Flutter's first frame.
65            -->
66            <meta-data
66-->src\main\AndroidManifest.xml:32:13-35:17
67                android:name="io.flutter.embedding.android.SplashScreenDrawable"
67-->src\main\AndroidManifest.xml:33:15-79
68                android:resource="@drawable/launch_background" />
68-->src\main\AndroidManifest.xml:34:15-61
69            <meta-data
69-->src\main\AndroidManifest.xml:36:13-37:74
70                android:name="com.google.android.geo.API_KEY"
70-->src\main\AndroidManifest.xml:36:24-69
71                android:value="AIzaSyBo8TcGrMvdi4xffvLD3kuGZkuoliCwpn0" />
71-->src\main\AndroidManifest.xml:37:17-72
72
73            <intent-filter>
73-->src\main\AndroidManifest.xml:38:13-41:29
74                <action android:name="android.intent.action.MAIN" />
74-->src\main\AndroidManifest.xml:39:17-68
74-->src\main\AndroidManifest.xml:39:25-66
75
76                <category android:name="android.intent.category.LAUNCHER" />
76-->src\main\AndroidManifest.xml:40:17-76
76-->src\main\AndroidManifest.xml:40:27-74
77            </intent-filter>
78        </activity>
79        <!--
80             Don't delete the meta-data below.
81             This is used by the Flutter tool to generate GeneratedPluginRegistrant.java
82        -->
83        <meta-data
83-->src\main\AndroidManifest.xml:45:9-47:33
84            android:name="flutterEmbedding"
84-->src\main\AndroidManifest.xml:46:13-44
85            android:value="2" />
85-->src\main\AndroidManifest.xml:47:13-30
86
87        <provider
87-->[:image_picker_android] AndroidManifest.xml:8:9-16:20
88            android:name="io.flutter.plugins.imagepicker.ImagePickerFileProvider"
88-->[:image_picker_android] AndroidManifest.xml:9:13-82
89            android:authorities="bmitech.airbnb_clone.flutter.image_provider"
89-->[:image_picker_android] AndroidManifest.xml:10:13-74
90            android:exported="false"
90-->[:image_picker_android] AndroidManifest.xml:11:13-37
91            android:grantUriPermissions="true" >
91-->[:image_picker_android] AndroidManifest.xml:12:13-47
92            <meta-data
92-->[:image_picker_android] AndroidManifest.xml:13:13-15:75
93                android:name="android.support.FILE_PROVIDER_PATHS"
93-->[:image_picker_android] AndroidManifest.xml:14:17-67
94                android:resource="@xml/flutter_image_picker_file_paths" />
94-->[:image_picker_android] AndroidManifest.xml:15:17-72
95        </provider> <!-- Needs to be explicitly declared on P+ -->
96        <uses-library
96-->[com.google.android.gms:play-services-maps:18.1.0] AndroidManifest.xml:39:9-41:40
97            android:name="org.apache.http.legacy"
97-->[com.google.android.gms:play-services-maps:18.1.0] AndroidManifest.xml:40:13-50
98            android:required="false" />
98-->[com.google.android.gms:play-services-maps:18.1.0] AndroidManifest.xml:41:13-37
99
100        <activity
100-->[com.google.android.gms:play-services-base:18.0.1] AndroidManifest.xml:20:9-22:45
101            android:name="com.google.android.gms.common.api.GoogleApiActivity"
101-->[com.google.android.gms:play-services-base:18.0.1] AndroidManifest.xml:20:19-85
102            android:exported="false"
102-->[com.google.android.gms:play-services-base:18.0.1] AndroidManifest.xml:22:19-43
103            android:theme="@android:style/Theme.Translucent.NoTitleBar" />
103-->[com.google.android.gms:play-services-base:18.0.1] AndroidManifest.xml:21:19-78
104
105        <meta-data
105-->[com.google.android.gms:play-services-basement:18.0.0] AndroidManifest.xml:21:9-23:69
106            android:name="com.google.android.gms.version"
106-->[com.google.android.gms:play-services-basement:18.0.0] AndroidManifest.xml:22:13-58
107            android:value="@integer/google_play_services_version" />
107-->[com.google.android.gms:play-services-basement:18.0.0] AndroidManifest.xml:23:13-66
108
109        <uses-library
109-->[androidx.window:window:1.0.0-beta04] AndroidManifest.xml:25:9-27:40
110            android:name="androidx.window.extensions"
110-->[androidx.window:window:1.0.0-beta04] AndroidManifest.xml:26:13-54
111            android:required="false" />
111-->[androidx.window:window:1.0.0-beta04] AndroidManifest.xml:27:13-37
112        <uses-library
112-->[androidx.window:window:1.0.0-beta04] AndroidManifest.xml:28:9-30:40
113            android:name="androidx.window.sidecar"
113-->[androidx.window:window:1.0.0-beta04] AndroidManifest.xml:29:13-51
114            android:required="false" />
114-->[androidx.window:window:1.0.0-beta04] AndroidManifest.xml:30:13-37
115    </application>
116
117</manifest>